<?xml version="1.0" encoding="UTF-8"?>
<!-- Generated by org.testng.reporters.JUnitXMLReporter -->
<testsuite hostname="DESKTOP-34C1OTH" name="Test" tests="5" failures="0" timestamp="4 Oct 2023 00:59:25 GMT" time="55.847" errors="0">
  <testcase name="fB" time="27.023" classname="com.test.FacebookTest"/>
  <testcase name="aM" time="5.074" classname="com.test.AmazonTest"/>
  <testcase name="gM" time="4.742" classname="com.test.GmailTest"/>
  <testcase name="iHg" time="8.603" classname="com.test.IhcTest"/>
  <testcase name="hRm" time="10.368" classname="com.test.OrangeTest"/>
</testsuite> <!-- Test -->
